{
  "uid" : "e79f60beb721c1b1",
  "name" : "test_save",
  "fullName" : "testCase.test_01order.TestOrder1#test_save",
  "historyId" : "3b2ad5bda884f002736a78a34a348514",
  "time" : {
    "start" : 1638941915854,
    "stop" : 1638941915855,
    "duration" : 1
  },
  "status" : "failed",
  "statusMessage" : "AssertionError: assert 3 > 4",
  "statusTrace" : "self = <testCase.test_01order.TestOrder1 object at 0x032DD530>\n\n    def test_save(self):\n>       assert 3 > 4\nE       assert 3 > 4\n\ntestCase\\test_01order.py:13: AssertionError",
  "flaky" : false,
  "beforeStages" : [ ],
  "afterStages" : [ ],
  "labels" : [ {
    "name" : "feature",
    "value" : "购车建议书模块用例集"
  }, {
    "name" : "parentSuite",
    "value" : "testCase"
  }, {
    "name" : "suite",
    "value" : "test_01order"
  }, {
    "name" : "subSuite",
    "value" : "TestOrder1"
  }, {
    "name" : "host",
    "value" : "CPR264"
  }, {
    "name" : "thread",
    "value" : "9532-MainThread"
  }, {
    "name" : "framework",
    "value" : "pytest"
  }, {
    "name" : "language",
    "value" : "cpython3"
  }, {
    "name" : "package",
    "value" : "testCase.test_01order"
  }, {
    "name" : "resultFormat",
    "value" : "allure2"
  } ],
  "parameters" : [ ],
  "links" : [ ],
  "hidden" : false,
  "retry" : false,
  "extra" : {
    "severity" : "normal",
    "retries" : [ ],
    "categories" : [ {
      "name" : "Product defects",
      "matchedStatuses" : [ ],
      "flaky" : false
    } ],
    "tags" : [ ]
  },
  "source" : "e79f60beb721c1b1.json",
  "parameterValues" : [ ]
}