{
  "uid" : "e108026603f6113",
  "name" : "test_save",
  "fullName" : "apiTestCase.test_01order.TestOrder1#test_save",
  "historyId" : "5f687481eb4a0482bb6ed3b115993a47",
  "time" : {
    "start" : 1668160293528,
    "stop" : 1668160293528,
    "duration" : 0
  },
  "status" : "failed",
  "statusMessage" : "AssertionError: assert 3 > 4",
  "statusTrace" : "self = <apiTestCase.test_01order.TestOrder1 object at 0x0000000003B98970>\n\n    def test_save(self):\n>       assert 3 > 4\nE       assert 3 > 4\n\napiTestCase\\test_01order.py:14: AssertionError",
  "flaky" : false,
  "beforeStages" : [ ],
  "afterStages" : [ ],
  "labels" : [ {
    "name" : "feature",
    "value" : "购车建议书模块用例集"
  }, {
    "name" : "parentSuite",
    "value" : "apiTestCase"
  }, {
    "name" : "suite",
    "value" : "test_01order"
  }, {
    "name" : "subSuite",
    "value" : "TestOrder1"
  }, {
    "name" : "host",
    "value" : "CPR264"
  }, {
    "name" : "thread",
    "value" : "19716-MainThread"
  }, {
    "name" : "framework",
    "value" : "pytest"
  }, {
    "name" : "language",
    "value" : "cpython3"
  }, {
    "name" : "package",
    "value" : "apiTestCase.test_01order"
  }, {
    "name" : "resultFormat",
    "value" : "allure2"
  } ],
  "parameters" : [ ],
  "links" : [ ],
  "hidden" : false,
  "retry" : false,
  "extra" : {
    "severity" : "normal",
    "retries" : [ ],
    "categories" : [ {
      "name" : "Product defects",
      "matchedStatuses" : [ ],
      "flaky" : false
    } ],
    "tags" : [ ]
  },
  "source" : "e108026603f6113.json",
  "parameterValues" : [ ]
}