{
  "uid" : "f148948ad3299b65",
  "name" : "test_save",
  "fullName" : "testCase.test_01order.TestOrder#test_save",
  "historyId" : "27703d01ca57dc5816e12c4c0f2db43a",
  "time" : {
    "start" : 1638258840627,
    "stop" : 1638258840627,
    "duration" : 0
  },
  "status" : "failed",
  "statusMessage" : "AssertionError: assert 3 > 4",
  "statusTrace" : "self = <testCase.test_01order.TestOrder object at 0x03406990>\n\n    def test_save(self):\n>       assert 3 > 4\nE       assert 3 > 4\n\ntestCase\\test_01order.py:14: AssertionError",
  "flaky" : false,
  "beforeStages" : [ ],
  "afterStages" : [ ],
  "labels" : [ {
    "name" : "feature",
    "value" : "购车建议书模块用例集"
  }, {
    "name" : "parentSuite",
    "value" : "testCase"
  }, {
    "name" : "suite",
    "value" : "test_01order"
  }, {
    "name" : "subSuite",
    "value" : "TestOrder"
  }, {
    "name" : "host",
    "value" : "CPR264"
  }, {
    "name" : "thread",
    "value" : "11588-MainThread"
  }, {
    "name" : "framework",
    "value" : "pytest"
  }, {
    "name" : "language",
    "value" : "cpython3"
  }, {
    "name" : "package",
    "value" : "testCase.test_01order"
  }, {
    "name" : "resultFormat",
    "value" : "allure2"
  } ],
  "parameters" : [ ],
  "links" : [ ],
  "hidden" : false,
  "retry" : false,
  "extra" : {
    "severity" : "normal",
    "retries" : [ ],
    "categories" : [ {
      "name" : "Product defects",
      "matchedStatuses" : [ ],
      "flaky" : false
    } ],
    "tags" : [ ]
  },
  "source" : "f148948ad3299b65.json",
  "parameterValues" : [ ]
}